<?xml version="1.0" encoding="UTF-8"?>
<testsuite xmlns:xsi="http://www.w3.org/2001/XMLSchema-instance" xsi:noNamespaceSchemaLocation="https://maven.apache.org/surefire/maven-surefire-plugin/xsd/surefire-test-report-3.0.xsd" version="3.0" name="com.micro.services.ServicesApplicationTests" time="5.147" tests="1" errors="0" skipped="0" failures="0">
  <properties>
    <property name="java.specification.version" value="17"/>
    <property name="sun.cpu.isalist" value="amd64"/>
    <property name="sun.jnu.encoding" value="Cp1252"/>
    <property name="java.class.path" value="C:\Users\dshobha\Spring\services\target\test-classes;C:\Users\dshobha\Spring\services\target\classes;C:\Users\dshobha\.m2\repository\org\springframework\boot\spring-boot-starter-web\3.3.2\spring-boot-starter-web-3.3.2.jar;C:\Users\dshobha\.m2\repository\org\springframework\boot\spring-boot-starter\3.3.2\spring-boot-starter-3.3.2.jar;C:\Users\dshobha\.m2\repository\org\springframework\boot\spring-boot-starter-logging\3.3.2\spring-boot-starter-logging-3.3.2.jar;C:\Users\dshobha\.m2\repository\ch\qos\logback\logback-classic\1.5.6\logback-classic-1.5.6.jar;C:\Users\dshobha\.m2\repository\ch\qos\logback\logback-core\1.5.6\logback-core-1.5.6.jar;C:\Users\dshobha\.m2\repository\org\apache\logging\log4j\log4j-to-slf4j\2.23.1\log4j-to-slf4j-2.23.1.jar;C:\Users\dshobha\.m2\repository\org\apache\logging\log4j\log4j-api\2.23.1\log4j-api-2.23.1.jar;C:\Users\dshobha\.m2\repository\org\slf4j\jul-to-slf4j\2.0.13\jul-to-slf4j-2.0.13.jar;C:\Users\dshobha\.m2\repository\jakarta\annotation\jakarta.annotation-api\2.1.1\jakarta.annotation-api-2.1.1.jar;C:\Users\dshobha\.m2\repository\org\yaml\snakeyaml\2.2\snakeyaml-2.2.jar;C:\Users\dshobha\.m2\repository\org\springframework\boot\spring-boot-starter-json\3.3.2\spring-boot-starter-json-3.3.2.jar;C:\Users\dshobha\.m2\repository\com\fasterxml\jackson\datatype\jackson-datatype-jdk8\2.17.2\jackson-datatype-jdk8-2.17.2.jar;C:\Users\dshobha\.m2\repository\com\fasterxml\jackson\datatype\jackson-datatype-jsr310\2.17.2\jackson-datatype-jsr310-2.17.2.jar;C:\Users\dshobha\.m2\repository\com\fasterxml\jackson\module\jackson-module-parameter-names\2.17.2\jackson-module-parameter-names-2.17.2.jar;C:\Users\dshobha\.m2\repository\org\springframework\spring-web\6.1.11\spring-web-6.1.11.jar;C:\Users\dshobha\.m2\repository\org\springframework\spring-beans\6.1.11\spring-beans-6.1.11.jar;C:\Users\dshobha\.m2\repository\org\springframework\spring-webmvc\6.1.11\spring-webmvc-6.1.11.jar;C:\Users\dshobha\.m2\repository\org\springframework\spring-aop\6.1.11\spring-aop-6.1.11.jar;C:\Users\dshobha\.m2\repository\org\springframework\spring-context\6.1.11\spring-context-6.1.11.jar;C:\Users\dshobha\.m2\repository\org\springframework\spring-expression\6.1.11\spring-expression-6.1.11.jar;C:\Users\dshobha\.m2\repository\org\springframework\boot\spring-boot-starter-jetty\3.3.2\spring-boot-starter-jetty-3.3.2.jar;C:\Users\dshobha\.m2\repository\jakarta\servlet\jakarta.servlet-api\6.0.0\jakarta.servlet-api-6.0.0.jar;C:\Users\dshobha\.m2\repository\jakarta\websocket\jakarta.websocket-api\2.1.1\jakarta.websocket-api-2.1.1.jar;C:\Users\dshobha\.m2\repository\jakarta\websocket\jakarta.websocket-client-api\2.1.1\jakarta.websocket-client-api-2.1.1.jar;C:\Users\dshobha\.m2\repository\org\apache\tomcat\embed\tomcat-embed-el\10.1.26\tomcat-embed-el-10.1.26.jar;C:\Users\dshobha\.m2\repository\org\eclipse\jetty\ee10\jetty-ee10-servlets\12.0.11\jetty-ee10-servlets-12.0.11.jar;C:\Users\dshobha\.m2\repository\org\eclipse\jetty\jetty-http\12.0.11\jetty-http-12.0.11.jar;C:\Users\dshobha\.m2\repository\org\eclipse\jetty\jetty-io\12.0.11\jetty-io-12.0.11.jar;C:\Users\dshobha\.m2\repository\org\eclipse\jetty\jetty-util\12.0.11\jetty-util-12.0.11.jar;C:\Users\dshobha\.m2\repository\org\slf4j\slf4j-api\2.0.13\slf4j-api-2.0.13.jar;C:\Users\dshobha\.m2\repository\org\eclipse\jetty\ee10\jetty-ee10-webapp\12.0.11\jetty-ee10-webapp-12.0.11.jar;C:\Users\dshobha\.m2\repository\org\eclipse\jetty\jetty-ee\12.0.11\jetty-ee-12.0.11.jar;C:\Users\dshobha\.m2\repository\org\eclipse\jetty\jetty-server\12.0.11\jetty-server-12.0.11.jar;C:\Users\dshobha\.m2\repository\org\eclipse\jetty\jetty-session\12.0.11\jetty-session-12.0.11.jar;C:\Users\dshobha\.m2\repository\org\eclipse\jetty\jetty-xml\12.0.11\jetty-xml-12.0.11.jar;C:\Users\dshobha\.m2\repository\org\eclipse\jetty\ee10\jetty-ee10-servlet\12.0.11\jetty-ee10-servlet-12.0.11.jar;C:\Users\dshobha\.m2\repository\org\eclipse\jetty\jetty-security\12.0.11\jetty-security-12.0.11.jar;C:\Users\dshobha\.m2\repository\org\eclipse\jetty\ee10\websocket\jetty-ee10-websocket-jakarta-server\12.0.11\jetty-ee10-websocket-jakarta-server-12.0.11.jar;C:\Users\dshobha\.m2\repository\org\eclipse\jetty\ee10\jetty-ee10-annotations\12.0.11\jetty-ee10-annotations-12.0.11.jar;C:\Users\dshobha\.m2\repository\org\eclipse\jetty\ee10\jetty-ee10-plus\12.0.11\jetty-ee10-plus-12.0.11.jar;C:\Users\dshobha\.m2\repository\jakarta\enterprise\jakarta.enterprise.cdi-api\4.0.1\jakarta.enterprise.cdi-api-4.0.1.jar;C:\Users\dshobha\.m2\repository\jakarta\enterprise\jakarta.enterprise.lang-model\4.0.1\jakarta.enterprise.lang-model-4.0.1.jar;C:\Users\dshobha\.m2\repository\jakarta\interceptor\jakarta.interceptor-api\2.1.0\jakarta.interceptor-api-2.1.0.jar;C:\Users\dshobha\.m2\repository\org\eclipse\jetty\jetty-plus\12.0.11\jetty-plus-12.0.11.jar;C:\Users\dshobha\.m2\repository\org\ow2\asm\asm\9.7\asm-9.7.jar;C:\Users\dshobha\.m2\repository\org\ow2\asm\asm-commons\9.7\asm-commons-9.7.jar;C:\Users\dshobha\.m2\repository\org\ow2\asm\asm-tree\9.7\asm-tree-9.7.jar;C:\Users\dshobha\.m2\repository\org\eclipse\jetty\ee10\websocket\jetty-ee10-websocket-jakarta-client\12.0.11\jetty-ee10-websocket-jakarta-client-12.0.11.jar;C:\Users\dshobha\.m2\repository\org\eclipse\jetty\jetty-client\12.0.11\jetty-client-12.0.11.jar;C:\Users\dshobha\.m2\repository\org\eclipse\jetty\jetty-alpn-client\12.0.11\jetty-alpn-client-12.0.11.jar;C:\Users\dshobha\.m2\repository\org\eclipse\jetty\ee10\websocket\jetty-ee10-websocket-jakarta-common\12.0.11\jetty-ee10-websocket-jakarta-common-12.0.11.jar;C:\Users\dshobha\.m2\repository\org\eclipse\jetty\websocket\jetty-websocket-core-client\12.0.11\jetty-websocket-core-client-12.0.11.jar;C:\Users\dshobha\.m2\repository\org\eclipse\jetty\ee10\websocket\jetty-ee10-websocket-servlet\12.0.11\jetty-ee10-websocket-servlet-12.0.11.jar;C:\Users\dshobha\.m2\repository\org\eclipse\jetty\websocket\jetty-websocket-core-server\12.0.11\jetty-websocket-core-server-12.0.11.jar;C:\Users\dshobha\.m2\repository\org\eclipse\jetty\ee10\websocket\jetty-ee10-websocket-jetty-server\12.0.11\jetty-ee10-websocket-jetty-server-12.0.11.jar;C:\Users\dshobha\.m2\repository\org\eclipse\jetty\websocket\jetty-websocket-jetty-api\12.0.11\jetty-websocket-jetty-api-12.0.11.jar;C:\Users\dshobha\.m2\repository\org\eclipse\jetty\websocket\jetty-websocket-jetty-common\12.0.11\jetty-websocket-jetty-common-12.0.11.jar;C:\Users\dshobha\.m2\repository\org\eclipse\jetty\websocket\jetty-websocket-core-common\12.0.11\jetty-websocket-core-common-12.0.11.jar;C:\Users\dshobha\.m2\repository\org\springframework\boot\spring-boot-devtools\3.3.2\spring-boot-devtools-3.3.2.jar;C:\Users\dshobha\.m2\repository\org\springframework\boot\spring-boot\3.3.2\spring-boot-3.3.2.jar;C:\Users\dshobha\.m2\repository\org\springframework\boot\spring-boot-autoconfigure\3.3.2\spring-boot-autoconfigure-3.3.2.jar;C:\Users\dshobha\.m2\repository\org\springframework\boot\spring-boot-starter-actuator\3.3.2\spring-boot-starter-actuator-3.3.2.jar;C:\Users\dshobha\.m2\repository\org\springframework\boot\spring-boot-actuator-autoconfigure\3.3.2\spring-boot-actuator-autoconfigure-3.3.2.jar;C:\Users\dshobha\.m2\repository\org\springframework\boot\spring-boot-actuator\3.3.2\spring-boot-actuator-3.3.2.jar;C:\Users\dshobha\.m2\repository\io\micrometer\micrometer-observation\1.13.2\micrometer-observation-1.13.2.jar;C:\Users\dshobha\.m2\repository\io\micrometer\micrometer-commons\1.13.2\micrometer-commons-1.13.2.jar;C:\Users\dshobha\.m2\repository\io\micrometer\micrometer-jakarta9\1.13.2\micrometer-jakarta9-1.13.2.jar;C:\Users\dshobha\.m2\repository\io\micrometer\micrometer-core\1.13.2\micrometer-core-1.13.2.jar;C:\Users\dshobha\.m2\repository\org\hdrhistogram\HdrHistogram\2.2.2\HdrHistogram-2.2.2.jar;C:\Users\dshobha\.m2\repository\org\latencyutils\LatencyUtils\2.0.3\LatencyUtils-2.0.3.jar;C:\Users\dshobha\.m2\repository\org\springframework\boot\spring-boot-starter-test\3.3.2\spring-boot-starter-test-3.3.2.jar;C:\Users\dshobha\.m2\repository\org\springframework\boot\spring-boot-test\3.3.2\spring-boot-test-3.3.2.jar;C:\Users\dshobha\.m2\repository\org\springframework\boot\spring-boot-test-autoconfigure\3.3.2\spring-boot-test-autoconfigure-3.3.2.jar;C:\Users\dshobha\.m2\repository\com\jayway\jsonpath\json-path\2.9.0\json-path-2.9.0.jar;C:\Users\dshobha\.m2\repository\jakarta\xml\bind\jakarta.xml.bind-api\4.0.2\jakarta.xml.bind-api-4.0.2.jar;C:\Users\dshobha\.m2\repository\jakarta\activation\jakarta.activation-api\2.1.3\jakarta.activation-api-2.1.3.jar;C:\Users\dshobha\.m2\repository\net\minidev\json-smart\2.5.1\json-smart-2.5.1.jar;C:\Users\dshobha\.m2\repository\net\minidev\accessors-smart\2.5.1\accessors-smart-2.5.1.jar;C:\Users\dshobha\.m2\repository\org\assertj\assertj-core\3.25.3\assertj-core-3.25.3.jar;C:\Users\dshobha\.m2\repository\net\bytebuddy\byte-buddy\1.14.18\byte-buddy-1.14.18.jar;C:\Users\dshobha\.m2\repository\org\awaitility\awaitility\4.2.1\awaitility-4.2.1.jar;C:\Users\dshobha\.m2\repository\org\hamcrest\hamcrest\2.2\hamcrest-2.2.jar;C:\Users\dshobha\.m2\repository\org\junit\jupiter\junit-jupiter\5.10.3\junit-jupiter-5.10.3.jar;C:\Users\dshobha\.m2\repository\org\junit\jupiter\junit-jupiter-api\5.10.3\junit-jupiter-api-5.10.3.jar;C:\Users\dshobha\.m2\repository\org\opentest4j\opentest4j\1.3.0\opentest4j-1.3.0.jar;C:\Users\dshobha\.m2\repository\org\junit\platform\junit-platform-commons\1.10.3\junit-platform-commons-1.10.3.jar;C:\Users\dshobha\.m2\repository\org\apiguardian\apiguardian-api\1.1.2\apiguardian-api-1.1.2.jar;C:\Users\dshobha\.m2\repository\org\junit\jupiter\junit-jupiter-params\5.10.3\junit-jupiter-params-5.10.3.jar;C:\Users\dshobha\.m2\repository\org\junit\jupiter\junit-jupiter-engine\5.10.3\junit-jupiter-engine-5.10.3.jar;C:\Users\dshobha\.m2\repository\org\junit\platform\junit-platform-engine\1.10.3\junit-platform-engine-1.10.3.jar;C:\Users\dshobha\.m2\repository\org\mockito\mockito-core\5.11.0\mockito-core-5.11.0.jar;C:\Users\dshobha\.m2\repository\net\bytebuddy\byte-buddy-agent\1.14.18\byte-buddy-agent-1.14.18.jar;C:\Users\dshobha\.m2\repository\org\objenesis\objenesis\3.3\objenesis-3.3.jar;C:\Users\dshobha\.m2\repository\org\mockito\mockito-junit-jupiter\5.11.0\mockito-junit-jupiter-5.11.0.jar;C:\Users\dshobha\.m2\repository\org\skyscreamer\jsonassert\1.5.3\jsonassert-1.5.3.jar;C:\Users\dshobha\.m2\repository\com\vaadin\external\google\android-json\0.0.20131108.vaadin1\android-json-0.0.20131108.vaadin1.jar;C:\Users\dshobha\.m2\repository\org\springframework\spring-core\6.1.11\spring-core-6.1.11.jar;C:\Users\dshobha\.m2\repository\org\springframework\spring-jcl\6.1.11\spring-jcl-6.1.11.jar;C:\Users\dshobha\.m2\repository\org\springframework\spring-test\6.1.11\spring-test-6.1.11.jar;C:\Users\dshobha\.m2\repository\org\xmlunit\xmlunit-core\2.9.1\xmlunit-core-2.9.1.jar;C:\Users\dshobha\.m2\repository\com\fasterxml\jackson\dataformat\jackson-dataformat-xml\2.17.2\jackson-dataformat-xml-2.17.2.jar;C:\Users\dshobha\.m2\repository\com\fasterxml\jackson\core\jackson-core\2.17.2\jackson-core-2.17.2.jar;C:\Users\dshobha\.m2\repository\com\fasterxml\jackson\core\jackson-annotations\2.17.2\jackson-annotations-2.17.2.jar;C:\Users\dshobha\.m2\repository\com\fasterxml\jackson\core\jackson-databind\2.17.2\jackson-databind-2.17.2.jar;C:\Users\dshobha\.m2\repository\org\codehaus\woodstox\stax2-api\4.2.2\stax2-api-4.2.2.jar;C:\Users\dshobha\.m2\repository\com\fasterxml\woodstox\woodstox-core\6.7.0\woodstox-core-6.7.0.jar;C:\Users\dshobha\.m2\repository\org\springframework\boot\spring-boot-starter-data-jpa\3.3.2\spring-boot-starter-data-jpa-3.3.2.jar;C:\Users\dshobha\.m2\repository\org\springframework\boot\spring-boot-starter-aop\3.3.2\spring-boot-starter-aop-3.3.2.jar;C:\Users\dshobha\.m2\repository\org\aspectj\aspectjweaver\1.9.22.1\aspectjweaver-1.9.22.1.jar;C:\Users\dshobha\.m2\repository\org\springframework\boot\spring-boot-starter-jdbc\3.3.2\spring-boot-starter-jdbc-3.3.2.jar;C:\Users\dshobha\.m2\repository\com\zaxxer\HikariCP\5.1.0\HikariCP-5.1.0.jar;C:\Users\dshobha\.m2\repository\org\springframework\spring-jdbc\6.1.11\spring-jdbc-6.1.11.jar;C:\Users\dshobha\.m2\repository\org\hibernate\orm\hibernate-core\6.5.2.Final\hibernate-core-6.5.2.Final.jar;C:\Users\dshobha\.m2\repository\jakarta\persistence\jakarta.persistence-api\3.1.0\jakarta.persistence-api-3.1.0.jar;C:\Users\dshobha\.m2\repository\jakarta\transaction\jakarta.transaction-api\2.0.1\jakarta.transaction-api-2.0.1.jar;C:\Users\dshobha\.m2\repository\org\jboss\logging\jboss-logging\3.5.3.Final\jboss-logging-3.5.3.Final.jar;C:\Users\dshobha\.m2\repository\org\hibernate\common\hibernate-commons-annotations\6.0.6.Final\hibernate-commons-annotations-6.0.6.Final.jar;C:\Users\dshobha\.m2\repository\io\smallrye\jandex\3.1.2\jandex-3.1.2.jar;C:\Users\dshobha\.m2\repository\com\fasterxml\classmate\1.7.0\classmate-1.7.0.jar;C:\Users\dshobha\.m2\repository\org\glassfish\jaxb\jaxb-runtime\4.0.5\jaxb-runtime-4.0.5.jar;C:\Users\dshobha\.m2\repository\org\glassfish\jaxb\jaxb-core\4.0.5\jaxb-core-4.0.5.jar;C:\Users\dshobha\.m2\repository\org\eclipse\angus\angus-activation\2.0.2\angus-activation-2.0.2.jar;C:\Users\dshobha\.m2\repository\org\glassfish\jaxb\txw2\4.0.5\txw2-4.0.5.jar;C:\Users\dshobha\.m2\repository\com\sun\istack\istack-commons-runtime\4.1.2\istack-commons-runtime-4.1.2.jar;C:\Users\dshobha\.m2\repository\jakarta\inject\jakarta.inject-api\2.0.1\jakarta.inject-api-2.0.1.jar;C:\Users\dshobha\.m2\repository\org\antlr\antlr4-runtime\4.13.0\antlr4-runtime-4.13.0.jar;C:\Users\dshobha\.m2\repository\org\springframework\data\spring-data-jpa\3.3.2\spring-data-jpa-3.3.2.jar;C:\Users\dshobha\.m2\repository\org\springframework\data\spring-data-commons\3.3.2\spring-data-commons-3.3.2.jar;C:\Users\dshobha\.m2\repository\org\springframework\spring-orm\6.1.11\spring-orm-6.1.11.jar;C:\Users\dshobha\.m2\repository\org\springframework\spring-tx\6.1.11\spring-tx-6.1.11.jar;C:\Users\dshobha\.m2\repository\org\springframework\spring-aspects\6.1.11\spring-aspects-6.1.11.jar;C:\Users\dshobha\.m2\repository\com\h2database\h2\2.2.224\h2-2.2.224.jar;"/>
    <property name="java.vm.vendor" value="Oracle Corporation"/>
    <property name="sun.arch.data.model" value="64"/>
    <property name="user.variant" value=""/>
    <property name="java.vendor.url" value="https://java.oracle.com/"/>
    <property name="user.timezone" value="America/Toronto"/>
    <property name="org.jboss.logging.provider" value="slf4j"/>
    <property name="os.name" value="Windows 11"/>
    <property name="java.vm.specification.version" value="17"/>
    <property name="sun.java.launcher" value="SUN_STANDARD"/>
    <property name="user.country" value="US"/>
    <property name="sun.boot.library.path" value="C:\Program Files\Java\jdk-17\bin"/>
    <property name="sun.java.command" value="C:\Users\dshobha\AppData\Local\Temp\surefire15000998203044499184\surefirebooter-20240811115100054_3.jar C:\Users\dshobha\AppData\Local\Temp\surefire15000998203044499184 2024-08-11T11-50-59_922-jvmRun1 surefire-20240811115100054_1tmp surefire_0-20240811115100054_2tmp"/>
    <property name="jdk.debug" value="release"/>
    <property name="surefire.test.class.path" value="C:\Users\dshobha\Spring\services\target\test-classes;C:\Users\dshobha\Spring\services\target\classes;C:\Users\dshobha\.m2\repository\org\springframework\boot\spring-boot-starter-web\3.3.2\spring-boot-starter-web-3.3.2.jar;C:\Users\dshobha\.m2\repository\org\springframework\boot\spring-boot-starter\3.3.2\spring-boot-starter-3.3.2.jar;C:\Users\dshobha\.m2\repository\org\springframework\boot\spring-boot-starter-logging\3.3.2\spring-boot-starter-logging-3.3.2.jar;C:\Users\dshobha\.m2\repository\ch\qos\logback\logback-classic\1.5.6\logback-classic-1.5.6.jar;C:\Users\dshobha\.m2\repository\ch\qos\logback\logback-core\1.5.6\logback-core-1.5.6.jar;C:\Users\dshobha\.m2\repository\org\apache\logging\log4j\log4j-to-slf4j\2.23.1\log4j-to-slf4j-2.23.1.jar;C:\Users\dshobha\.m2\repository\org\apache\logging\log4j\log4j-api\2.23.1\log4j-api-2.23.1.jar;C:\Users\dshobha\.m2\repository\org\slf4j\jul-to-slf4j\2.0.13\jul-to-slf4j-2.0.13.jar;C:\Users\dshobha\.m2\repository\jakarta\annotation\jakarta.annotation-api\2.1.1\jakarta.annotation-api-2.1.1.jar;C:\Users\dshobha\.m2\repository\org\yaml\snakeyaml\2.2\snakeyaml-2.2.jar;C:\Users\dshobha\.m2\repository\org\springframework\boot\spring-boot-starter-json\3.3.2\spring-boot-starter-json-3.3.2.jar;C:\Users\dshobha\.m2\repository\com\fasterxml\jackson\datatype\jackson-datatype-jdk8\2.17.2\jackson-datatype-jdk8-2.17.2.jar;C:\Users\dshobha\.m2\repository\com\fasterxml\jackson\datatype\jackson-datatype-jsr310\2.17.2\jackson-datatype-jsr310-2.17.2.jar;C:\Users\dshobha\.m2\repository\com\fasterxml\jackson\module\jackson-module-parameter-names\2.17.2\jackson-module-parameter-names-2.17.2.jar;C:\Users\dshobha\.m2\repository\org\springframework\spring-web\6.1.11\spring-web-6.1.11.jar;C:\Users\dshobha\.m2\repository\org\springframework\spring-beans\6.1.11\spring-beans-6.1.11.jar;C:\Users\dshobha\.m2\repository\org\springframework\spring-webmvc\6.1.11\spring-webmvc-6.1.11.jar;C:\Users\dshobha\.m2\repository\org\springframework\spring-aop\6.1.11\spring-aop-6.1.11.jar;C:\Users\dshobha\.m2\repository\org\springframework\spring-context\6.1.11\spring-context-6.1.11.jar;C:\Users\dshobha\.m2\repository\org\springframework\spring-expression\6.1.11\spring-expression-6.1.11.jar;C:\Users\dshobha\.m2\repository\org\springframework\boot\spring-boot-starter-jetty\3.3.2\spring-boot-starter-jetty-3.3.2.jar;C:\Users\dshobha\.m2\repository\jakarta\servlet\jakarta.servlet-api\6.0.0\jakarta.servlet-api-6.0.0.jar;C:\Users\dshobha\.m2\repository\jakarta\websocket\jakarta.websocket-api\2.1.1\jakarta.websocket-api-2.1.1.jar;C:\Users\dshobha\.m2\repository\jakarta\websocket\jakarta.websocket-client-api\2.1.1\jakarta.websocket-client-api-2.1.1.jar;C:\Users\dshobha\.m2\repository\org\apache\tomcat\embed\tomcat-embed-el\10.1.26\tomcat-embed-el-10.1.26.jar;C:\Users\dshobha\.m2\repository\org\eclipse\jetty\ee10\jetty-ee10-servlets\12.0.11\jetty-ee10-servlets-12.0.11.jar;C:\Users\dshobha\.m2\repository\org\eclipse\jetty\jetty-http\12.0.11\jetty-http-12.0.11.jar;C:\Users\dshobha\.m2\repository\org\eclipse\jetty\jetty-io\12.0.11\jetty-io-12.0.11.jar;C:\Users\dshobha\.m2\repository\org\eclipse\jetty\jetty-util\12.0.11\jetty-util-12.0.11.jar;C:\Users\dshobha\.m2\repository\org\slf4j\slf4j-api\2.0.13\slf4j-api-2.0.13.jar;C:\Users\dshobha\.m2\repository\org\eclipse\jetty\ee10\jetty-ee10-webapp\12.0.11\jetty-ee10-webapp-12.0.11.jar;C:\Users\dshobha\.m2\repository\org\eclipse\jetty\jetty-ee\12.0.11\jetty-ee-12.0.11.jar;C:\Users\dshobha\.m2\repository\org\eclipse\jetty\jetty-server\12.0.11\jetty-server-12.0.11.jar;C:\Users\dshobha\.m2\repository\org\eclipse\jetty\jetty-session\12.0.11\jetty-session-12.0.11.jar;C:\Users\dshobha\.m2\repository\org\eclipse\jetty\jetty-xml\12.0.11\jetty-xml-12.0.11.jar;C:\Users\dshobha\.m2\repository\org\eclipse\jetty\ee10\jetty-ee10-servlet\12.0.11\jetty-ee10-servlet-12.0.11.jar;C:\Users\dshobha\.m2\repository\org\eclipse\jetty\jetty-security\12.0.11\jetty-security-12.0.11.jar;C:\Users\dshobha\.m2\repository\org\eclipse\jetty\ee10\websocket\jetty-ee10-websocket-jakarta-server\12.0.11\jetty-ee10-websocket-jakarta-server-12.0.11.jar;C:\Users\dshobha\.m2\repository\org\eclipse\jetty\ee10\jetty-ee10-annotations\12.0.11\jetty-ee10-annotations-12.0.11.jar;C:\Users\dshobha\.m2\repository\org\eclipse\jetty\ee10\jetty-ee10-plus\12.0.11\jetty-ee10-plus-12.0.11.jar;C:\Users\dshobha\.m2\repository\jakarta\enterprise\jakarta.enterprise.cdi-api\4.0.1\jakarta.enterprise.cdi-api-4.0.1.jar;C:\Users\dshobha\.m2\repository\jakarta\enterprise\jakarta.enterprise.lang-model\4.0.1\jakarta.enterprise.lang-model-4.0.1.jar;C:\Users\dshobha\.m2\repository\jakarta\interceptor\jakarta.interceptor-api\2.1.0\jakarta.interceptor-api-2.1.0.jar;C:\Users\dshobha\.m2\repository\org\eclipse\jetty\jetty-plus\12.0.11\jetty-plus-12.0.11.jar;C:\Users\dshobha\.m2\repository\org\ow2\asm\asm\9.7\asm-9.7.jar;C:\Users\dshobha\.m2\repository\org\ow2\asm\asm-commons\9.7\asm-commons-9.7.jar;C:\Users\dshobha\.m2\repository\org\ow2\asm\asm-tree\9.7\asm-tree-9.7.jar;C:\Users\dshobha\.m2\repository\org\eclipse\jetty\ee10\websocket\jetty-ee10-websocket-jakarta-client\12.0.11\jetty-ee10-websocket-jakarta-client-12.0.11.jar;C:\Users\dshobha\.m2\repository\org\eclipse\jetty\jetty-client\12.0.11\jetty-client-12.0.11.jar;C:\Users\dshobha\.m2\repository\org\eclipse\jetty\jetty-alpn-client\12.0.11\jetty-alpn-client-12.0.11.jar;C:\Users\dshobha\.m2\repository\org\eclipse\jetty\ee10\websocket\jetty-ee10-websocket-jakarta-common\12.0.11\jetty-ee10-websocket-jakarta-common-12.0.11.jar;C:\Users\dshobha\.m2\repository\org\eclipse\jetty\websocket\jetty-websocket-core-client\12.0.11\jetty-websocket-core-client-12.0.11.jar;C:\Users\dshobha\.m2\repository\org\eclipse\jetty\ee10\websocket\jetty-ee10-websocket-servlet\12.0.11\jetty-ee10-websocket-servlet-12.0.11.jar;C:\Users\dshobha\.m2\repository\org\eclipse\jetty\websocket\jetty-websocket-core-server\12.0.11\jetty-websocket-core-server-12.0.11.jar;C:\Users\dshobha\.m2\repository\org\eclipse\jetty\ee10\websocket\jetty-ee10-websocket-jetty-server\12.0.11\jetty-ee10-websocket-jetty-server-12.0.11.jar;C:\Users\dshobha\.m2\repository\org\eclipse\jetty\websocket\jetty-websocket-jetty-api\12.0.11\jetty-websocket-jetty-api-12.0.11.jar;C:\Users\dshobha\.m2\repository\org\eclipse\jetty\websocket\jetty-websocket-jetty-common\12.0.11\jetty-websocket-jetty-common-12.0.11.jar;C:\Users\dshobha\.m2\repository\org\eclipse\jetty\websocket\jetty-websocket-core-common\12.0.11\jetty-websocket-core-common-12.0.11.jar;C:\Users\dshobha\.m2\repository\org\springframework\boot\spring-boot-devtools\3.3.2\spring-boot-devtools-3.3.2.jar;C:\Users\dshobha\.m2\repository\org\springframework\boot\spring-boot\3.3.2\spring-boot-3.3.2.jar;C:\Users\dshobha\.m2\repository\org\springframework\boot\spring-boot-autoconfigure\3.3.2\spring-boot-autoconfigure-3.3.2.jar;C:\Users\dshobha\.m2\repository\org\springframework\boot\spring-boot-starter-actuator\3.3.2\spring-boot-starter-actuator-3.3.2.jar;C:\Users\dshobha\.m2\repository\org\springframework\boot\spring-boot-actuator-autoconfigure\3.3.2\spring-boot-actuator-autoconfigure-3.3.2.jar;C:\Users\dshobha\.m2\repository\org\springframework\boot\spring-boot-actuator\3.3.2\spring-boot-actuator-3.3.2.jar;C:\Users\dshobha\.m2\repository\io\micrometer\micrometer-observation\1.13.2\micrometer-observation-1.13.2.jar;C:\Users\dshobha\.m2\repository\io\micrometer\micrometer-commons\1.13.2\micrometer-commons-1.13.2.jar;C:\Users\dshobha\.m2\repository\io\micrometer\micrometer-jakarta9\1.13.2\micrometer-jakarta9-1.13.2.jar;C:\Users\dshobha\.m2\repository\io\micrometer\micrometer-core\1.13.2\micrometer-core-1.13.2.jar;C:\Users\dshobha\.m2\repository\org\hdrhistogram\HdrHistogram\2.2.2\HdrHistogram-2.2.2.jar;C:\Users\dshobha\.m2\repository\org\latencyutils\LatencyUtils\2.0.3\LatencyUtils-2.0.3.jar;C:\Users\dshobha\.m2\repository\org\springframework\boot\spring-boot-starter-test\3.3.2\spring-boot-starter-test-3.3.2.jar;C:\Users\dshobha\.m2\repository\org\springframework\boot\spring-boot-test\3.3.2\spring-boot-test-3.3.2.jar;C:\Users\dshobha\.m2\repository\org\springframework\boot\spring-boot-test-autoconfigure\3.3.2\spring-boot-test-autoconfigure-3.3.2.jar;C:\Users\dshobha\.m2\repository\com\jayway\jsonpath\json-path\2.9.0\json-path-2.9.0.jar;C:\Users\dshobha\.m2\repository\jakarta\xml\bind\jakarta.xml.bind-api\4.0.2\jakarta.xml.bind-api-4.0.2.jar;C:\Users\dshobha\.m2\repository\jakarta\activation\jakarta.activation-api\2.1.3\jakarta.activation-api-2.1.3.jar;C:\Users\dshobha\.m2\repository\net\minidev\json-smart\2.5.1\json-smart-2.5.1.jar;C:\Users\dshobha\.m2\repository\net\minidev\accessors-smart\2.5.1\accessors-smart-2.5.1.jar;C:\Users\dshobha\.m2\repository\org\assertj\assertj-core\3.25.3\assertj-core-3.25.3.jar;C:\Users\dshobha\.m2\repository\net\bytebuddy\byte-buddy\1.14.18\byte-buddy-1.14.18.jar;C:\Users\dshobha\.m2\repository\org\awaitility\awaitility\4.2.1\awaitility-4.2.1.jar;C:\Users\dshobha\.m2\repository\org\hamcrest\hamcrest\2.2\hamcrest-2.2.jar;C:\Users\dshobha\.m2\repository\org\junit\jupiter\junit-jupiter\5.10.3\junit-jupiter-5.10.3.jar;C:\Users\dshobha\.m2\repository\org\junit\jupiter\junit-jupiter-api\5.10.3\junit-jupiter-api-5.10.3.jar;C:\Users\dshobha\.m2\repository\org\opentest4j\opentest4j\1.3.0\opentest4j-1.3.0.jar;C:\Users\dshobha\.m2\repository\org\junit\platform\junit-platform-commons\1.10.3\junit-platform-commons-1.10.3.jar;C:\Users\dshobha\.m2\repository\org\apiguardian\apiguardian-api\1.1.2\apiguardian-api-1.1.2.jar;C:\Users\dshobha\.m2\repository\org\junit\jupiter\junit-jupiter-params\5.10.3\junit-jupiter-params-5.10.3.jar;C:\Users\dshobha\.m2\repository\org\junit\jupiter\junit-jupiter-engine\5.10.3\junit-jupiter-engine-5.10.3.jar;C:\Users\dshobha\.m2\repository\org\junit\platform\junit-platform-engine\1.10.3\junit-platform-engine-1.10.3.jar;C:\Users\dshobha\.m2\repository\org\mockito\mockito-core\5.11.0\mockito-core-5.11.0.jar;C:\Users\dshobha\.m2\repository\net\bytebuddy\byte-buddy-agent\1.14.18\byte-buddy-agent-1.14.18.jar;C:\Users\dshobha\.m2\repository\org\objenesis\objenesis\3.3\objenesis-3.3.jar;C:\Users\dshobha\.m2\repository\org\mockito\mockito-junit-jupiter\5.11.0\mockito-junit-jupiter-5.11.0.jar;C:\Users\dshobha\.m2\repository\org\skyscreamer\jsonassert\1.5.3\jsonassert-1.5.3.jar;C:\Users\dshobha\.m2\repository\com\vaadin\external\google\android-json\0.0.20131108.vaadin1\android-json-0.0.20131108.vaadin1.jar;C:\Users\dshobha\.m2\repository\org\springframework\spring-core\6.1.11\spring-core-6.1.11.jar;C:\Users\dshobha\.m2\repository\org\springframework\spring-jcl\6.1.11\spring-jcl-6.1.11.jar;C:\Users\dshobha\.m2\repository\org\springframework\spring-test\6.1.11\spring-test-6.1.11.jar;C:\Users\dshobha\.m2\repository\org\xmlunit\xmlunit-core\2.9.1\xmlunit-core-2.9.1.jar;C:\Users\dshobha\.m2\repository\com\fasterxml\jackson\dataformat\jackson-dataformat-xml\2.17.2\jackson-dataformat-xml-2.17.2.jar;C:\Users\dshobha\.m2\repository\com\fasterxml\jackson\core\jackson-core\2.17.2\jackson-core-2.17.2.jar;C:\Users\dshobha\.m2\repository\com\fasterxml\jackson\core\jackson-annotations\2.17.2\jackson-annotations-2.17.2.jar;C:\Users\dshobha\.m2\repository\com\fasterxml\jackson\core\jackson-databind\2.17.2\jackson-databind-2.17.2.jar;C:\Users\dshobha\.m2\repository\org\codehaus\woodstox\stax2-api\4.2.2\stax2-api-4.2.2.jar;C:\Users\dshobha\.m2\repository\com\fasterxml\woodstox\woodstox-core\6.7.0\woodstox-core-6.7.0.jar;C:\Users\dshobha\.m2\repository\org\springframework\boot\spring-boot-starter-data-jpa\3.3.2\spring-boot-starter-data-jpa-3.3.2.jar;C:\Users\dshobha\.m2\repository\org\springframework\boot\spring-boot-starter-aop\3.3.2\spring-boot-starter-aop-3.3.2.jar;C:\Users\dshobha\.m2\repository\org\aspectj\aspectjweaver\1.9.22.1\aspectjweaver-1.9.22.1.jar;C:\Users\dshobha\.m2\repository\org\springframework\boot\spring-boot-starter-jdbc\3.3.2\spring-boot-starter-jdbc-3.3.2.jar;C:\Users\dshobha\.m2\repository\com\zaxxer\HikariCP\5.1.0\HikariCP-5.1.0.jar;C:\Users\dshobha\.m2\repository\org\springframework\spring-jdbc\6.1.11\spring-jdbc-6.1.11.jar;C:\Users\dshobha\.m2\repository\org\hibernate\orm\hibernate-core\6.5.2.Final\hibernate-core-6.5.2.Final.jar;C:\Users\dshobha\.m2\repository\jakarta\persistence\jakarta.persistence-api\3.1.0\jakarta.persistence-api-3.1.0.jar;C:\Users\dshobha\.m2\repository\jakarta\transaction\jakarta.transaction-api\2.0.1\jakarta.transaction-api-2.0.1.jar;C:\Users\dshobha\.m2\repository\org\jboss\logging\jboss-logging\3.5.3.Final\jboss-logging-3.5.3.Final.jar;C:\Users\dshobha\.m2\repository\org\hibernate\common\hibernate-commons-annotations\6.0.6.Final\hibernate-commons-annotations-6.0.6.Final.jar;C:\Users\dshobha\.m2\repository\io\smallrye\jandex\3.1.2\jandex-3.1.2.jar;C:\Users\dshobha\.m2\repository\com\fasterxml\classmate\1.7.0\classmate-1.7.0.jar;C:\Users\dshobha\.m2\repository\org\glassfish\jaxb\jaxb-runtime\4.0.5\jaxb-runtime-4.0.5.jar;C:\Users\dshobha\.m2\repository\org\glassfish\jaxb\jaxb-core\4.0.5\jaxb-core-4.0.5.jar;C:\Users\dshobha\.m2\repository\org\eclipse\angus\angus-activation\2.0.2\angus-activation-2.0.2.jar;C:\Users\dshobha\.m2\repository\org\glassfish\jaxb\txw2\4.0.5\txw2-4.0.5.jar;C:\Users\dshobha\.m2\repository\com\sun\istack\istack-commons-runtime\4.1.2\istack-commons-runtime-4.1.2.jar;C:\Users\dshobha\.m2\repository\jakarta\inject\jakarta.inject-api\2.0.1\jakarta.inject-api-2.0.1.jar;C:\Users\dshobha\.m2\repository\org\antlr\antlr4-runtime\4.13.0\antlr4-runtime-4.13.0.jar;C:\Users\dshobha\.m2\repository\org\springframework\data\spring-data-jpa\3.3.2\spring-data-jpa-3.3.2.jar;C:\Users\dshobha\.m2\repository\org\springframework\data\spring-data-commons\3.3.2\spring-data-commons-3.3.2.jar;C:\Users\dshobha\.m2\repository\org\springframework\spring-orm\6.1.11\spring-orm-6.1.11.jar;C:\Users\dshobha\.m2\repository\org\springframework\spring-tx\6.1.11\spring-tx-6.1.11.jar;C:\Users\dshobha\.m2\repository\org\springframework\spring-aspects\6.1.11\spring-aspects-6.1.11.jar;C:\Users\dshobha\.m2\repository\com\h2database\h2\2.2.224\h2-2.2.224.jar;"/>
    <property name="sun.cpu.endian" value="little"/>
    <property name="user.home" value="C:\Users\dshobha"/>
    <property name="user.language" value="en"/>
    <property name="java.specification.vendor" value="Oracle Corporation"/>
    <property name="java.version.date" value="2024-01-16"/>
    <property name="java.home" value="C:\Program Files\Java\jdk-17"/>
    <property name="file.separator" value="\"/>
    <property name="basedir" value="C:\Users\dshobha\Spring\services"/>
    <property name="java.vm.compressedOopsMode" value="Zero based"/>
    <property name="line.separator" value="&#10;"/>
    <property name="java.vm.specification.vendor" value="Oracle Corporation"/>
    <property name="java.specification.name" value="Java Platform API Specification"/>
    <property name="FILE_LOG_CHARSET" value="windows-1252"/>
    <property name="java.awt.headless" value="true"/>
    <property name="surefire.real.class.path" value="C:\Users\dshobha\AppData\Local\Temp\surefire15000998203044499184\surefirebooter-20240811115100054_3.jar"/>
    <property name="user.script" value=""/>
    <property name="sun.management.compiler" value="HotSpot 64-Bit Tiered Compilers"/>
    <property name="java.runtime.version" value="17.0.10+11-LTS-240"/>
    <property name="user.name" value="dshobha"/>
    <property name="path.separator" value=";"/>
    <property name="os.version" value="10.0"/>
    <property name="java.runtime.name" value="Java(TM) SE Runtime Environment"/>
    <property name="file.encoding" value="Cp1252"/>
    <property name="java.vm.name" value="Java HotSpot(TM) 64-Bit Server VM"/>
    <property name="localRepository" value="C:\Users\dshobha\.m2\repository"/>
    <property name="java.vendor.url.bug" value="https://bugreport.java.com/bugreport/"/>
    <property name="java.io.tmpdir" value="C:\Users\dshobha\AppData\Local\Temp\"/>
    <property name="idea.version" value="2023.3.7"/>
    <property name="com.zaxxer.hikari.pool_number" value="1"/>
    <property name="java.version" value="17.0.10"/>
    <property name="user.dir" value="C:\Users\dshobha\Spring\services"/>
    <property name="os.arch" value="amd64"/>
    <property name="java.vm.specification.name" value="Java Virtual Machine Specification"/>
    <property name="PID" value="21444"/>
    <property name="sun.os.patch.level" value=""/>
    <property name="CONSOLE_LOG_CHARSET" value="windows-1252"/>
    <property name="native.encoding" value="Cp1252"/>
    <property name="java.library.path" value="C:\Program Files\Java\jdk-17\bin;C:\WINDOWS\Sun\Java\bin;C:\WINDOWS\system32;C:\WINDOWS;C:\Python312\Scripts\;C:\Python312\;C:\Program Files\Common Files\Oracle\Java\javapath;C:\WINDOWS\system32;C:\WINDOWS;C:\WINDOWS\System32\Wbem;C:\WINDOWS\System32\WindowsPowerShell\v1.0\;C:\WINDOWS\System32\OpenSSH\;C:\Program Files\ServiceNow;C:\Program Files\nodejs\;C:\ProgramData\chocolatey\bin;C:\Program Files\Git\cmd;C:\Program Files (x86)\NVIDIA Corporation\PhysX\Common;C:\Program Files\git-cola\bin;C:\Program Files\Maven\apache-maven-3.9.6\bin;C:\Program Files\Java\jdk-11\bin;C:\Program Files\Rancher Desktop\resources\resources\win32\bin\;C:\Program Files\Rancher Desktop\resources\resources\linux\bin\;C:\Users\dshobha\AppData\Local\Microsoft\WindowsApps;C:\Users\dshobha\AppData\Local\Programs\Microsoft VS Code\bin;C:\Program Files\JetBrains\IntelliJ IDEA 2023.3.4\bin;;C:\Users\dshobha\AppData\Roaming\npm;C:\Users\dshobha\AppData\Local\Programs\Azure Data Studio\bin;."/>
    <property name="java.vm.info" value="mixed mode, sharing"/>
    <property name="java.vendor" value="Oracle Corporation"/>
    <property name="java.vm.version" value="17.0.10+11-LTS-240"/>
    <property name="sun.io.unicode.encoding" value="UnicodeLittle"/>
    <property name="java.class.version" value="61.0"/>
    <property name="LOGGED_APPLICATION_NAME" value="[services] "/>
  </properties>
  <testcase name="contextLoads" classname="com.micro.services.ServicesApplicationTests" time="0.524">
    <system-out><![CDATA[11:51:00.716 [main] INFO org.springframework.test.context.support.AnnotationConfigContextLoaderUtils -- Could not detect default configuration classes for test class [com.micro.services.ServicesApplicationTests]: ServicesApplicationTests does not declare any static, non-private, non-final, nested classes annotated with @Configuration.
11:51:00.789 [main] INFO org.springframework.boot.test.context.SpringBootTestContextBootstrapper -- Found @SpringBootConfiguration com.micro.services.ServicesApplication for test class com.micro.services.ServicesApplicationTests
11:51:00.912 [main] INFO org.springframework.boot.devtools.restart.RestartApplicationListener -- Restart disabled due to context in which it is running

  .   ____          _            __ _ _
 /\\ / ___'_ __ _ _(_)_ __  __ _ \ \ \ \
( ( )\___ | '_ | '_| | '_ \/ _` | \ \ \ \
 \\/  ___)| |_)| | | | | || (_| |  ) ) ) )
  '  |____| .__|_| |_|_| |_\__, | / / / /
 =========|_|==============|___/=/_/_/_/

 :: Spring Boot ::                (v3.3.2)

2024-08-11T11:51:01.204-04:00  INFO 21444 --- [services] [           main] c.m.services.ServicesApplicationTests    : Starting ServicesApplicationTests using Java 17.0.10 with PID 21444 (started by dshobha in C:\Users\dshobha\Spring\services)
2024-08-11T11:51:01.205-04:00  INFO 21444 --- [services] [           main] c.m.services.ServicesApplicationTests    : No active profile set, falling back to 1 default profile: "default"
2024-08-11T11:51:01.940-04:00  INFO 21444 --- [services] [           main] .s.d.r.c.RepositoryConfigurationDelegate : Bootstrapping Spring Data JPA repositories in DEFAULT mode.
2024-08-11T11:51:01.962-04:00  INFO 21444 --- [services] [           main] .s.d.r.c.RepositoryConfigurationDelegate : Finished Spring Data repository scanning in 14 ms. Found 0 JPA repository interfaces.
2024-08-11T11:51:02.478-04:00  INFO 21444 --- [services] [           main] o.hibernate.jpa.internal.util.LogHelper  : HHH000204: Processing PersistenceUnitInfo [name: default]
2024-08-11T11:51:02.556-04:00  INFO 21444 --- [services] [           main] org.hibernate.Version                    : HHH000412: Hibernate ORM core version 6.5.2.Final
2024-08-11T11:51:02.595-04:00  INFO 21444 --- [services] [           main] o.h.c.internal.RegionFactoryInitiator    : HHH000026: Second-level cache disabled
2024-08-11T11:51:02.919-04:00  INFO 21444 --- [services] [           main] o.s.o.j.p.SpringPersistenceUnitInfo      : No LoadTimeWeaver setup: ignoring JPA class transformer
2024-08-11T11:51:02.949-04:00  INFO 21444 --- [services] [           main] com.zaxxer.hikari.HikariDataSource       : HikariPool-1 - Starting...
2024-08-11T11:51:03.089-04:00  INFO 21444 --- [services] [           main] com.zaxxer.hikari.pool.HikariPool        : HikariPool-1 - Added connection conn0: url=jdbc:h2:file:~/data/employee_db user=SA
2024-08-11T11:51:03.090-04:00  INFO 21444 --- [services] [           main] com.zaxxer.hikari.HikariDataSource       : HikariPool-1 - Start completed.
2024-08-11T11:51:03.106-04:00  WARN 21444 --- [services] [           main] org.hibernate.orm.deprecation            : HHH90000025: H2Dialect does not need to be specified explicitly using 'hibernate.dialect' (remove the property setting and it will be selected by default)
2024-08-11T11:51:03.347-04:00  INFO 21444 --- [services] [           main] o.h.e.t.j.p.i.JtaPlatformInitiator       : HHH000489: No JTA platform available (set 'hibernate.transaction.jta.platform' to enable JTA platform integration)
2024-08-11T11:51:03.351-04:00  INFO 21444 --- [services] [           main] j.LocalContainerEntityManagerFactoryBean : Initialized JPA EntityManagerFactory for persistence unit 'default'
2024-08-11T11:51:03.613-04:00  WARN 21444 --- [services] [           main] JpaBaseConfiguration$JpaWebConfiguration : spring.jpa.open-in-view is enabled by default. Therefore, database queries may be performed during view rendering. Explicitly configure spring.jpa.open-in-view to disable this warning
2024-08-11T11:51:05.007-04:00  INFO 21444 --- [services] [           main] o.s.b.a.h2.H2ConsoleAutoConfiguration    : H2 console available at '/h2-console'. Database available at 'jdbc:h2:file:~/data/employee_db'
2024-08-11T11:51:05.057-04:00  INFO 21444 --- [services] [           main] o.s.b.a.e.web.EndpointLinksResolver      : Exposing 1 endpoint beneath base path '/actuator'
2024-08-11T11:51:05.196-04:00  INFO 21444 --- [services] [           main] c.m.services.ServicesApplicationTests    : Started ServicesApplicationTests in 4.293 seconds (process running for 5.022)
]]></system-out>
  </testcase>
</testsuite>